<?xml version="1.0" encoding="UTF-8"?>
<coverage generated="1552591695378" clover="3.2.0">
  <project timestamp="1552591695378" name="All files">
    <metrics statements="62" coveredstatements="60" conditionals="23" coveredconditionals="20" methods="10" coveredmethods="9" elements="95" coveredelements="89" complexity="0" loc="62" ncloc="62" packages="2" files="4" classes="4"/>
    <package name="t9_api">
      <metrics statements="21" coveredstatements="19" conditionals="4" coveredconditionals="3" methods="2" coveredmethods="1"/>
      <file name="app.js" path="/Users/foxy/code/playground/t9_api/app.js">
        <metrics statements="15" coveredstatements="15" conditionals="0" coveredconditionals="0" methods="1" coveredmethods="1"/>
        <line num="1" count="1" type="stmt"/>
        <line num="2" count="1" type="stmt"/>
        <line num="3" count="1" type="stmt"/>
        <line num="9" count="1" type="stmt"/>
        <line num="11" count="1" type="stmt"/>
        <line num="13" count="1" type="stmt"/>
        <line num="15" count="1" type="stmt"/>
        <line num="16" count="1" type="stmt"/>
        <line num="17" count="1" type="stmt"/>
        <line num="19" count="1" type="stmt"/>
        <line num="20" count="4" type="stmt"/>
        <line num="21" count="4" type="stmt"/>
        <line num="22" count="4" type="stmt"/>
        <line num="24" count="4" type="stmt"/>
        <line num="27" count="1" type="stmt"/>
      </file>
      <file name="server.js" path="/Users/foxy/code/playground/t9_api/server.js">
        <metrics statements="6" coveredstatements="4" conditionals="4" coveredconditionals="3" methods="1" coveredmethods="0"/>
        <line num="1" count="1" type="stmt"/>
        <line num="3" count="1" type="cond" truecount="2" falsecount="0"/>
        <line num="5" count="1" type="cond" truecount="1" falsecount="1"/>
        <line num="6" count="0" type="stmt"/>
        <line num="7" count="0" type="stmt"/>
        <line num="11" count="1" type="stmt"/>
      </file>
    </package>
    <package name="t9_api.utils">
      <metrics statements="41" coveredstatements="41" conditionals="19" coveredconditionals="17" methods="8" coveredmethods="8"/>
      <file name="mocks.js" path="/Users/foxy/code/playground/t9_api/utils/mocks.js">
        <metrics statements="3" coveredstatements="3" conditionals="0" coveredconditionals="0" methods="0" coveredmethods="0"/>
        <line num="1" count="1" type="stmt"/>
        <line num="46" count="1" type="stmt"/>
        <line num="163" count="1" type="stmt"/>
      </file>
      <file name="utils.js" path="/Users/foxy/code/playground/t9_api/utils/utils.js">
        <metrics statements="38" coveredstatements="38" conditionals="19" coveredconditionals="17" methods="8" coveredmethods="8"/>
        <line num="1" count="2" type="stmt"/>
        <line num="3" count="2" type="stmt"/>
        <line num="17" count="6" type="stmt"/>
        <line num="18" count="6" type="stmt"/>
        <line num="20" count="6" type="stmt"/>
        <line num="24" count="1179435" type="cond" truecount="4" falsecount="0"/>
        <line num="25" count="5" type="stmt"/>
        <line num="27" count="1179430" type="stmt"/>
        <line num="30" count="5" type="stmt"/>
        <line num="32" count="1" type="stmt"/>
        <line num="37" count="22" type="stmt"/>
        <line num="39" count="22" type="cond" truecount="2" falsecount="0"/>
        <line num="41" count="341" type="stmt"/>
        <line num="42" count="341" type="cond" truecount="2" falsecount="0"/>
        <line num="43" count="325" type="stmt"/>
        <line num="46" count="341" type="stmt"/>
        <line num="47" count="102" type="cond" truecount="3" falsecount="1"/>
        <line num="48" count="102" type="stmt"/>
        <line num="49" count="325" type="stmt"/>
        <line num="50" count="325" type="stmt"/>
        <line num="56" count="341" type="cond" truecount="2" falsecount="0"/>
        <line num="57" count="239" type="stmt"/>
        <line num="58" count="239" type="stmt"/>
        <line num="61" count="102" type="stmt"/>
        <line num="62" count="102" type="stmt"/>
        <line num="64" count="102" type="stmt"/>
        <line num="66" count="102" type="stmt"/>
        <line num="69" count="22" type="cond" truecount="2" falsecount="0"/>
        <line num="70" count="6" type="stmt"/>
        <line num="73" count="16" type="stmt"/>
        <line num="75" count="16" type="stmt"/>
        <line num="79" count="7" type="stmt"/>
        <line num="81" count="7" type="stmt"/>
        <line num="82" count="943552" type="stmt"/>
        <line num="83" count="46705440" type="cond" truecount="2" falsecount="0"/>
        <line num="84" count="10" type="stmt"/>
        <line num="89" count="7" type="stmt"/>
        <line num="92" count="2" type="stmt"/>
      </file>
    </package>
  </project>
</coverage>
