<?xml version="1.0" encoding="UTF-8"?>
<coverage generated="1552449809708" clover="3.2.0">
  <project timestamp="1552449809708" name="All files">
    <metrics statements="60" coveredstatements="58" conditionals="23" coveredconditionals="20" methods="9" coveredmethods="8" elements="92" coveredelements="86" complexity="0" loc="60" ncloc="60" packages="2" files="4" classes="4"/>
    <package name="t9_api">
      <metrics statements="21" coveredstatements="19" conditionals="4" coveredconditionals="3" methods="2" coveredmethods="1"/>
      <file name="app.js" path="/Users/foxy/code/playground/t9_api/app.js">
        <metrics statements="15" coveredstatements="15" conditionals="0" coveredconditionals="0" methods="1" coveredmethods="1"/>
        <line num="1" count="1" type="stmt"/>
        <line num="2" count="1" type="stmt"/>
        <line num="3" count="1" type="stmt"/>
        <line num="9" count="1" type="stmt"/>
        <line num="11" count="1" type="stmt"/>
        <line num="13" count="1" type="stmt"/>
        <line num="15" count="1" type="stmt"/>
        <line num="16" count="1" type="stmt"/>
        <line num="17" count="1" type="stmt"/>
        <line num="19" count="1" type="stmt"/>
        <line num="20" count="2" type="stmt"/>
        <line num="21" count="2" type="stmt"/>
        <line num="22" count="2" type="stmt"/>
        <line num="24" count="2" type="stmt"/>
        <line num="27" count="1" type="stmt"/>
      </file>
      <file name="server.js" path="/Users/foxy/code/playground/t9_api/server.js">
        <metrics statements="6" coveredstatements="4" conditionals="4" coveredconditionals="3" methods="1" coveredmethods="0"/>
        <line num="1" count="1" type="stmt"/>
        <line num="3" count="1" type="cond" truecount="2" falsecount="0"/>
        <line num="5" count="1" type="cond" truecount="1" falsecount="1"/>
        <line num="6" count="0" type="stmt"/>
        <line num="7" count="0" type="stmt"/>
        <line num="11" count="1" type="stmt"/>
      </file>
    </package>
    <package name="t9_api.utils">
      <metrics statements="39" coveredstatements="39" conditionals="19" coveredconditionals="17" methods="7" coveredmethods="7"/>
      <file name="mocks.js" path="/Users/foxy/code/playground/t9_api/utils/mocks.js">
        <metrics statements="3" coveredstatements="3" conditionals="0" coveredconditionals="0" methods="0" coveredmethods="0"/>
        <line num="1" count="1" type="stmt"/>
        <line num="43" count="1" type="stmt"/>
        <line num="85" count="1" type="stmt"/>
      </file>
      <file name="utils.js" path="/Users/foxy/code/playground/t9_api/utils/utils.js">
        <metrics statements="36" coveredstatements="36" conditionals="19" coveredconditionals="17" methods="7" coveredmethods="7"/>
        <line num="1" count="2" type="stmt"/>
        <line num="3" count="2" type="stmt"/>
        <line num="17" count="6" type="stmt"/>
        <line num="18" count="6" type="stmt"/>
        <line num="20" count="6" type="stmt"/>
        <line num="24" count="1179435" type="cond" truecount="4" falsecount="0"/>
        <line num="25" count="5" type="stmt"/>
        <line num="27" count="1179430" type="stmt"/>
        <line num="30" count="5" type="stmt"/>
        <line num="32" count="1" type="stmt"/>
        <line num="37" count="18" type="stmt"/>
        <line num="39" count="18" type="cond" truecount="2" falsecount="0"/>
        <line num="41" count="144" type="stmt"/>
        <line num="42" count="144" type="cond" truecount="2" falsecount="0"/>
        <line num="43" count="130" type="stmt"/>
        <line num="47" count="144" type="cond" truecount="2" falsecount="0"/>
        <line num="48" count="104" type="stmt"/>
        <line num="49" count="104" type="stmt"/>
        <line num="52" count="40" type="stmt"/>
        <line num="53" count="40" type="stmt"/>
        <line num="55" count="40" type="cond" truecount="3" falsecount="1"/>
        <line num="56" count="40" type="stmt"/>
        <line num="57" count="130" type="stmt"/>
        <line num="58" count="130" type="stmt"/>
        <line num="62" count="40" type="stmt"/>
        <line num="65" count="18" type="cond" truecount="2" falsecount="0"/>
        <line num="66" count="4" type="stmt"/>
        <line num="69" count="14" type="stmt"/>
        <line num="71" count="14" type="stmt"/>
        <line num="75" count="5" type="stmt"/>
        <line num="77" count="5" type="stmt"/>
        <line num="78" count="471780" type="stmt"/>
        <line num="79" count="14860830" type="cond" truecount="2" falsecount="0"/>
        <line num="80" count="7" type="stmt"/>
        <line num="85" count="5" type="stmt"/>
        <line num="88" count="2" type="stmt"/>
      </file>
    </package>
  </project>
</coverage>
