{"/Users/foxy/code/playground/t9_api/app.js": {"path":"/Users/foxy/code/playground/t9_api/app.js","statementMap":{"0":{"start":{"line":1,"column":16},"end":{"line":1,"column":34}},"1":{"start":{"line":2,"column":13},"end":{"line":2,"column":28}},"2":{"start":{"line":3,"column":19},"end":{"line":3,"column":41}},"3":{"start":{"line":9,"column":4},"end":{"line":9,"column":28}},"4":{"start":{"line":11,"column":12},"end":{"line":11,"column":21}},"5":{"start":{"line":13,"column":19},"end":{"line":13,"column":56}},"6":{"start":{"line":15,"column":0},"end":{"line":15,"column":51}},"7":{"start":{"line":16,"column":0},"end":{"line":16,"column":27}},"8":{"start":{"line":17,"column":0},"end":{"line":17,"column":16}},"9":{"start":{"line":19,"column":0},"end":{"line":25,"column":3}},"10":{"start":{"line":20,"column":22},"end":{"line":20,"column":30}},"11":{"start":{"line":21,"column":22},"end":{"line":21,"column":45}},"12":{"start":{"line":22,"column":16},"end":{"line":22,"column":55}},"13":{"start":{"line":24,"column":2},"end":{"line":24,"column":47}},"14":{"start":{"line":27,"column":0},"end":{"line":27,"column":21}}},"fnMap":{"0":{"name":"(anonymous_0)","decl":{"start":{"line":19,"column":25},"end":{"line":19,"column":26}},"loc":{"start":{"line":19,"column":39},"end":{"line":25,"column":1}},"line":19}},"branchMap":{},"s":{"0":1,"1":1,"2":1,"3":1,"4":1,"5":1,"6":1,"7":1,"8":1,"9":1,"10":2,"11":2,"12":2,"13":2,"14":1},"f":{"0":2},"b":{},"_coverageSchema":"43e27e138ebf9cfc5966b082cf9a028302ed4184","hash":"2df020672812ebe94e9f643da84bea7c741d8881"}
,"/Users/foxy/code/playground/t9_api/server.js": {"path":"/Users/foxy/code/playground/t9_api/server.js","statementMap":{"0":{"start":{"line":1,"column":12},"end":{"line":1,"column":28}},"1":{"start":{"line":3,"column":13},"end":{"line":3,"column":37}},"2":{"start":{"line":5,"column":0},"end":{"line":9,"column":1}},"3":{"start":{"line":6,"column":2},"end":{"line":8,"column":5}},"4":{"start":{"line":7,"column":4},"end":{"line":7,"column":73}},"5":{"start":{"line":11,"column":0},"end":{"line":11,"column":21}}},"fnMap":{"0":{"name":"(anonymous_0)","decl":{"start":{"line":6,"column":19},"end":{"line":6,"column":20}},"loc":{"start":{"line":6,"column":25},"end":{"line":8,"column":3}},"line":6}},"branchMap":{"0":{"loc":{"start":{"line":3,"column":13},"end":{"line":3,"column":37}},"type":"binary-expr","locations":[{"start":{"line":3,"column":13},"end":{"line":3,"column":29}},{"start":{"line":3,"column":33},"end":{"line":3,"column":37}}],"line":3},"1":{"loc":{"start":{"line":5,"column":0},"end":{"line":9,"column":1}},"type":"if","locations":[{"start":{"line":5,"column":0},"end":{"line":9,"column":1}},{"start":{"line":5,"column":0},"end":{"line":9,"column":1}}],"line":5}},"s":{"0":1,"1":1,"2":1,"3":0,"4":0,"5":1},"f":{"0":0},"b":{"0":[1,1],"1":[0,1]},"_coverageSchema":"43e27e138ebf9cfc5966b082cf9a028302ed4184","hash":"0b6bebb7c146f4f37eb80b385b7b3192c8ccc4f9"}
,"/Users/foxy/code/playground/t9_api/utils/mocks.js": {"path":"/Users/foxy/code/playground/t9_api/utils/mocks.js","statementMap":{"0":{"start":{"line":1,"column":18},"end":{"line":41,"column":1}},"1":{"start":{"line":43,"column":18},"end":{"line":83,"column":1}},"2":{"start":{"line":85,"column":0},"end":{"line":88,"column":2}}},"fnMap":{},"branchMap":{},"s":{"0":1,"1":1,"2":1},"f":{},"b":{},"_coverageSchema":"43e27e138ebf9cfc5966b082cf9a028302ed4184","hash":"ca40317a790715a128ddc07a3545fddd537d4f4f"}
,"/Users/foxy/code/playground/t9_api/utils/utils.js": {"path":"/Users/foxy/code/playground/t9_api/utils/utils.js","statementMap":{"0":{"start":{"line":1,"column":11},"end":{"line":1,"column":24}},"1":{"start":{"line":3,"column":15},"end":{"line":14,"column":1}},"2":{"start":{"line":17,"column":2},"end":{"line":33,"column":3}},"3":{"start":{"line":18,"column":17},"end":{"line":18,"column":26}},"4":{"start":{"line":20,"column":4},"end":{"line":28,"column":9}},"5":{"start":{"line":24,"column":8},"end":{"line":26,"column":9}},"6":{"start":{"line":25,"column":10},"end":{"line":25,"column":17}},"7":{"start":{"line":27,"column":8},"end":{"line":27,"column":23}},"8":{"start":{"line":30,"column":4},"end":{"line":30,"column":16}},"9":{"start":{"line":32,"column":4},"end":{"line":32,"column":36}},"10":{"start":{"line":37,"column":22},"end":{"line":37,"column":24}},"11":{"start":{"line":39,"column":24},"end":{"line":63,"column":3}},"12":{"start":{"line":41,"column":17},"end":{"line":41,"column":22}},"13":{"start":{"line":42,"column":4},"end":{"line":44,"column":5}},"14":{"start":{"line":43,"column":6},"end":{"line":43,"column":23}},"15":{"start":{"line":47,"column":4},"end":{"line":50,"column":5}},"16":{"start":{"line":48,"column":6},"end":{"line":48,"column":31}},"17":{"start":{"line":49,"column":6},"end":{"line":49,"column":20}},"18":{"start":{"line":52,"column":23},"end":{"line":52,"column":30}},"19":{"start":{"line":53,"column":17},"end":{"line":53,"column":31}},"20":{"start":{"line":55,"column":4},"end":{"line":60,"column":5}},"21":{"start":{"line":56,"column":6},"end":{"line":59,"column":7}},"22":{"start":{"line":56,"column":19},"end":{"line":56,"column":20}},"23":{"start":{"line":57,"column":26},"end":{"line":57,"column":47}},"24":{"start":{"line":58,"column":8},"end":{"line":58,"column":47}},"25":{"start":{"line":62,"column":4},"end":{"line":62,"column":16}},"26":{"start":{"line":65,"column":2},"end":{"line":67,"column":3}},"27":{"start":{"line":66,"column":4},"end":{"line":66,"column":14}},"28":{"start":{"line":69,"column":2},"end":{"line":69,"column":27}},"29":{"start":{"line":71,"column":2},"end":{"line":71,"column":21}},"30":{"start":{"line":75,"column":20},"end":{"line":75,"column":22}},"31":{"start":{"line":77,"column":2},"end":{"line":83,"column":5}},"32":{"start":{"line":78,"column":4},"end":{"line":82,"column":7}},"33":{"start":{"line":79,"column":6},"end":{"line":81,"column":7}},"34":{"start":{"line":80,"column":8},"end":{"line":80,"column":31}},"35":{"start":{"line":85,"column":2},"end":{"line":85,"column":19}},"36":{"start":{"line":88,"column":0},"end":{"line":92,"column":2}}},"fnMap":{"0":{"name":"loadDictfromFile","decl":{"start":{"line":16,"column":9},"end":{"line":16,"column":25}},"loc":{"start":{"line":16,"column":32},"end":{"line":34,"column":1}},"line":16},"1":{"name":"(anonymous_1)","decl":{"start":{"line":23,"column":15},"end":{"line":23,"column":16}},"loc":{"start":{"line":23,"column":37},"end":{"line":28,"column":7}},"line":23},"2":{"name":"getSuggestions","decl":{"start":{"line":36,"column":9},"end":{"line":36,"column":23}},"loc":{"start":{"line":36,"column":35},"end":{"line":72,"column":1}},"line":36},"3":{"name":"(anonymous_3)","decl":{"start":{"line":39,"column":24},"end":{"line":39,"column":25}},"loc":{"start":{"line":39,"column":59},"end":{"line":63,"column":3}},"line":39},"4":{"name":"searchForWords","decl":{"start":{"line":74,"column":9},"end":{"line":74,"column":23}},"loc":{"start":{"line":74,"column":54},"end":{"line":86,"column":1}},"line":74},"5":{"name":"(anonymous_5)","decl":{"start":{"line":77,"column":21},"end":{"line":77,"column":22}},"loc":{"start":{"line":77,"column":31},"end":{"line":83,"column":3}},"line":77},"6":{"name":"(anonymous_6)","decl":{"start":{"line":78,"column":24},"end":{"line":78,"column":25}},"loc":{"start":{"line":78,"column":38},"end":{"line":82,"column":5}},"line":78}},"branchMap":{"0":{"loc":{"start":{"line":24,"column":8},"end":{"line":26,"column":9}},"type":"if","locations":[{"start":{"line":24,"column":8},"end":{"line":26,"column":9}},{"start":{"line":24,"column":8},"end":{"line":26,"column":9}}],"line":24},"1":{"loc":{"start":{"line":24,"column":12},"end":{"line":24,"column":51}},"type":"binary-expr","locations":[{"start":{"line":24,"column":12},"end":{"line":24,"column":36}},{"start":{"line":24,"column":40},"end":{"line":24,"column":51}}],"line":24},"2":{"loc":{"start":{"line":39,"column":31},"end":{"line":39,"column":42}},"type":"default-arg","locations":[{"start":{"line":39,"column":40},"end":{"line":39,"column":42}}],"line":39},"3":{"loc":{"start":{"line":39,"column":44},"end":{"line":39,"column":54}},"type":"default-arg","locations":[{"start":{"line":39,"column":52},"end":{"line":39,"column":54}}],"line":39},"4":{"loc":{"start":{"line":42,"column":4},"end":{"line":44,"column":5}},"type":"if","locations":[{"start":{"line":42,"column":4},"end":{"line":44,"column":5}},{"start":{"line":42,"column":4},"end":{"line":44,"column":5}}],"line":42},"5":{"loc":{"start":{"line":47,"column":4},"end":{"line":50,"column":5}},"type":"if","locations":[{"start":{"line":47,"column":4},"end":{"line":50,"column":5}},{"start":{"line":47,"column":4},"end":{"line":50,"column":5}}],"line":47},"6":{"loc":{"start":{"line":55,"column":4},"end":{"line":60,"column":5}},"type":"if","locations":[{"start":{"line":55,"column":4},"end":{"line":60,"column":5}},{"start":{"line":55,"column":4},"end":{"line":60,"column":5}}],"line":55},"7":{"loc":{"start":{"line":55,"column":8},"end":{"line":55,"column":42}},"type":"binary-expr","locations":[{"start":{"line":55,"column":8},"end":{"line":55,"column":23}},{"start":{"line":55,"column":27},"end":{"line":55,"column":42}}],"line":55},"8":{"loc":{"start":{"line":65,"column":2},"end":{"line":67,"column":3}},"type":"if","locations":[{"start":{"line":65,"column":2},"end":{"line":67,"column":3}},{"start":{"line":65,"column":2},"end":{"line":67,"column":3}}],"line":65},"9":{"loc":{"start":{"line":74,"column":24},"end":{"line":74,"column":40}},"type":"default-arg","locations":[{"start":{"line":74,"column":38},"end":{"line":74,"column":40}}],"line":74},"10":{"loc":{"start":{"line":79,"column":6},"end":{"line":81,"column":7}},"type":"if","locations":[{"start":{"line":79,"column":6},"end":{"line":81,"column":7}},{"start":{"line":79,"column":6},"end":{"line":81,"column":7}}],"line":79}},"s":{"0":2,"1":2,"2":6,"3":6,"4":6,"5":1179435,"6":5,"7":1179430,"8":5,"9":1,"10":18,"11":18,"12":144,"13":144,"14":130,"15":144,"16":104,"17":104,"18":40,"19":40,"20":40,"21":40,"22":40,"23":130,"24":130,"25":40,"26":18,"27":4,"28":14,"29":14,"30":5,"31":5,"32":471780,"33":14860830,"34":7,"35":5,"36":2},"f":{"0":6,"1":1179435,"2":18,"3":144,"4":5,"5":471780,"6":14860830},"b":{"0":[5,1179430],"1":[1179435,5],"2":[14],"3":[14],"4":[130,14],"5":[104,40],"6":[40,0],"7":[40,40],"8":[4,14],"9":[0],"10":[7,14860823]},"_coverageSchema":"43e27e138ebf9cfc5966b082cf9a028302ed4184","hash":"24c26039e9eecd38ad9c6defa00d23470250c7b7"}
}
