{"/Users/foxy/code/playground/t9_api/app.js": {"path":"/Users/foxy/code/playground/t9_api/app.js","statementMap":{"0":{"start":{"line":1,"column":16},"end":{"line":1,"column":34}},"1":{"start":{"line":2,"column":13},"end":{"line":2,"column":28}},"2":{"start":{"line":3,"column":19},"end":{"line":3,"column":41}},"3":{"start":{"line":9,"column":4},"end":{"line":9,"column":28}},"4":{"start":{"line":11,"column":12},"end":{"line":11,"column":21}},"5":{"start":{"line":13,"column":19},"end":{"line":13,"column":56}},"6":{"start":{"line":15,"column":0},"end":{"line":15,"column":51}},"7":{"start":{"line":16,"column":0},"end":{"line":16,"column":27}},"8":{"start":{"line":17,"column":0},"end":{"line":17,"column":16}},"9":{"start":{"line":19,"column":0},"end":{"line":25,"column":3}},"10":{"start":{"line":20,"column":22},"end":{"line":20,"column":30}},"11":{"start":{"line":21,"column":22},"end":{"line":21,"column":45}},"12":{"start":{"line":22,"column":16},"end":{"line":22,"column":55}},"13":{"start":{"line":24,"column":2},"end":{"line":24,"column":47}},"14":{"start":{"line":27,"column":0},"end":{"line":27,"column":21}}},"fnMap":{"0":{"name":"(anonymous_0)","decl":{"start":{"line":19,"column":25},"end":{"line":19,"column":26}},"loc":{"start":{"line":19,"column":39},"end":{"line":25,"column":1}},"line":19}},"branchMap":{},"s":{"0":1,"1":1,"2":1,"3":1,"4":1,"5":1,"6":1,"7":1,"8":1,"9":1,"10":4,"11":4,"12":4,"13":4,"14":1},"f":{"0":4},"b":{},"_coverageSchema":"43e27e138ebf9cfc5966b082cf9a028302ed4184","hash":"2df020672812ebe94e9f643da84bea7c741d8881"}
,"/Users/foxy/code/playground/t9_api/server.js": {"path":"/Users/foxy/code/playground/t9_api/server.js","statementMap":{"0":{"start":{"line":1,"column":12},"end":{"line":1,"column":28}},"1":{"start":{"line":3,"column":13},"end":{"line":3,"column":37}},"2":{"start":{"line":5,"column":0},"end":{"line":9,"column":1}},"3":{"start":{"line":6,"column":2},"end":{"line":8,"column":5}},"4":{"start":{"line":7,"column":4},"end":{"line":7,"column":73}},"5":{"start":{"line":11,"column":0},"end":{"line":11,"column":21}}},"fnMap":{"0":{"name":"(anonymous_0)","decl":{"start":{"line":6,"column":19},"end":{"line":6,"column":20}},"loc":{"start":{"line":6,"column":25},"end":{"line":8,"column":3}},"line":6}},"branchMap":{"0":{"loc":{"start":{"line":3,"column":13},"end":{"line":3,"column":37}},"type":"binary-expr","locations":[{"start":{"line":3,"column":13},"end":{"line":3,"column":29}},{"start":{"line":3,"column":33},"end":{"line":3,"column":37}}],"line":3},"1":{"loc":{"start":{"line":5,"column":0},"end":{"line":9,"column":1}},"type":"if","locations":[{"start":{"line":5,"column":0},"end":{"line":9,"column":1}},{"start":{"line":5,"column":0},"end":{"line":9,"column":1}}],"line":5}},"s":{"0":1,"1":1,"2":1,"3":0,"4":0,"5":1},"f":{"0":0},"b":{"0":[1,1],"1":[0,1]},"_coverageSchema":"43e27e138ebf9cfc5966b082cf9a028302ed4184","hash":"0b6bebb7c146f4f37eb80b385b7b3192c8ccc4f9"}
,"/Users/foxy/code/playground/t9_api/utils/mocks.js": {"path":"/Users/foxy/code/playground/t9_api/utils/mocks.js","statementMap":{"0":{"start":{"line":1,"column":18},"end":{"line":44,"column":1}},"1":{"start":{"line":46,"column":18},"end":{"line":161,"column":1}},"2":{"start":{"line":163,"column":0},"end":{"line":166,"column":2}}},"fnMap":{},"branchMap":{},"s":{"0":1,"1":1,"2":1},"f":{},"b":{},"_coverageSchema":"43e27e138ebf9cfc5966b082cf9a028302ed4184","hash":"18ecd7e63d2a11bf54d83991c65b5dccbe72dc6c"}
,"/Users/foxy/code/playground/t9_api/utils/utils.js": {"path":"/Users/foxy/code/playground/t9_api/utils/utils.js","statementMap":{"0":{"start":{"line":1,"column":11},"end":{"line":1,"column":24}},"1":{"start":{"line":3,"column":15},"end":{"line":14,"column":1}},"2":{"start":{"line":17,"column":2},"end":{"line":33,"column":3}},"3":{"start":{"line":18,"column":17},"end":{"line":18,"column":26}},"4":{"start":{"line":20,"column":4},"end":{"line":28,"column":9}},"5":{"start":{"line":24,"column":8},"end":{"line":26,"column":9}},"6":{"start":{"line":25,"column":10},"end":{"line":25,"column":17}},"7":{"start":{"line":27,"column":8},"end":{"line":27,"column":23}},"8":{"start":{"line":30,"column":4},"end":{"line":30,"column":16}},"9":{"start":{"line":32,"column":4},"end":{"line":32,"column":36}},"10":{"start":{"line":37,"column":22},"end":{"line":37,"column":24}},"11":{"start":{"line":39,"column":24},"end":{"line":67,"column":3}},"12":{"start":{"line":41,"column":17},"end":{"line":41,"column":22}},"13":{"start":{"line":42,"column":4},"end":{"line":44,"column":5}},"14":{"start":{"line":43,"column":6},"end":{"line":43,"column":23}},"15":{"start":{"line":46,"column":29},"end":{"line":53,"column":5}},"16":{"start":{"line":47,"column":6},"end":{"line":52,"column":7}},"17":{"start":{"line":48,"column":8},"end":{"line":51,"column":9}},"18":{"start":{"line":48,"column":21},"end":{"line":48,"column":22}},"19":{"start":{"line":49,"column":28},"end":{"line":49,"column":49}},"20":{"start":{"line":50,"column":10},"end":{"line":50,"column":49}},"21":{"start":{"line":56,"column":4},"end":{"line":59,"column":5}},"22":{"start":{"line":57,"column":6},"end":{"line":57,"column":31}},"23":{"start":{"line":58,"column":6},"end":{"line":58,"column":20}},"24":{"start":{"line":61,"column":23},"end":{"line":61,"column":30}},"25":{"start":{"line":62,"column":17},"end":{"line":62,"column":31}},"26":{"start":{"line":64,"column":4},"end":{"line":64,"column":39}},"27":{"start":{"line":66,"column":4},"end":{"line":66,"column":16}},"28":{"start":{"line":69,"column":2},"end":{"line":71,"column":3}},"29":{"start":{"line":70,"column":4},"end":{"line":70,"column":14}},"30":{"start":{"line":73,"column":2},"end":{"line":73,"column":27}},"31":{"start":{"line":75,"column":2},"end":{"line":75,"column":21}},"32":{"start":{"line":79,"column":20},"end":{"line":79,"column":22}},"33":{"start":{"line":81,"column":2},"end":{"line":87,"column":5}},"34":{"start":{"line":82,"column":4},"end":{"line":86,"column":7}},"35":{"start":{"line":83,"column":6},"end":{"line":85,"column":7}},"36":{"start":{"line":84,"column":8},"end":{"line":84,"column":31}},"37":{"start":{"line":89,"column":2},"end":{"line":89,"column":19}},"38":{"start":{"line":92,"column":0},"end":{"line":96,"column":2}}},"fnMap":{"0":{"name":"loadDictfromFile","decl":{"start":{"line":16,"column":9},"end":{"line":16,"column":25}},"loc":{"start":{"line":16,"column":32},"end":{"line":34,"column":1}},"line":16},"1":{"name":"(anonymous_1)","decl":{"start":{"line":23,"column":15},"end":{"line":23,"column":16}},"loc":{"start":{"line":23,"column":37},"end":{"line":28,"column":7}},"line":23},"2":{"name":"getSuggestions","decl":{"start":{"line":36,"column":9},"end":{"line":36,"column":23}},"loc":{"start":{"line":36,"column":35},"end":{"line":76,"column":1}},"line":36},"3":{"name":"(anonymous_3)","decl":{"start":{"line":39,"column":24},"end":{"line":39,"column":25}},"loc":{"start":{"line":39,"column":59},"end":{"line":67,"column":3}},"line":39},"4":{"name":"(anonymous_4)","decl":{"start":{"line":46,"column":29},"end":{"line":46,"column":30}},"loc":{"start":{"line":46,"column":51},"end":{"line":53,"column":5}},"line":46},"5":{"name":"searchForWords","decl":{"start":{"line":78,"column":9},"end":{"line":78,"column":23}},"loc":{"start":{"line":78,"column":54},"end":{"line":90,"column":1}},"line":78},"6":{"name":"(anonymous_6)","decl":{"start":{"line":81,"column":21},"end":{"line":81,"column":22}},"loc":{"start":{"line":81,"column":31},"end":{"line":87,"column":3}},"line":81},"7":{"name":"(anonymous_7)","decl":{"start":{"line":82,"column":24},"end":{"line":82,"column":25}},"loc":{"start":{"line":82,"column":38},"end":{"line":86,"column":5}},"line":82}},"branchMap":{"0":{"loc":{"start":{"line":24,"column":8},"end":{"line":26,"column":9}},"type":"if","locations":[{"start":{"line":24,"column":8},"end":{"line":26,"column":9}},{"start":{"line":24,"column":8},"end":{"line":26,"column":9}}],"line":24},"1":{"loc":{"start":{"line":24,"column":12},"end":{"line":24,"column":51}},"type":"binary-expr","locations":[{"start":{"line":24,"column":12},"end":{"line":24,"column":36}},{"start":{"line":24,"column":40},"end":{"line":24,"column":51}}],"line":24},"2":{"loc":{"start":{"line":39,"column":31},"end":{"line":39,"column":42}},"type":"default-arg","locations":[{"start":{"line":39,"column":40},"end":{"line":39,"column":42}}],"line":39},"3":{"loc":{"start":{"line":39,"column":44},"end":{"line":39,"column":54}},"type":"default-arg","locations":[{"start":{"line":39,"column":52},"end":{"line":39,"column":54}}],"line":39},"4":{"loc":{"start":{"line":42,"column":4},"end":{"line":44,"column":5}},"type":"if","locations":[{"start":{"line":42,"column":4},"end":{"line":44,"column":5}},{"start":{"line":42,"column":4},"end":{"line":44,"column":5}}],"line":42},"5":{"loc":{"start":{"line":47,"column":6},"end":{"line":52,"column":7}},"type":"if","locations":[{"start":{"line":47,"column":6},"end":{"line":52,"column":7}},{"start":{"line":47,"column":6},"end":{"line":52,"column":7}}],"line":47},"6":{"loc":{"start":{"line":47,"column":10},"end":{"line":47,"column":44}},"type":"binary-expr","locations":[{"start":{"line":47,"column":10},"end":{"line":47,"column":25}},{"start":{"line":47,"column":29},"end":{"line":47,"column":44}}],"line":47},"7":{"loc":{"start":{"line":56,"column":4},"end":{"line":59,"column":5}},"type":"if","locations":[{"start":{"line":56,"column":4},"end":{"line":59,"column":5}},{"start":{"line":56,"column":4},"end":{"line":59,"column":5}}],"line":56},"8":{"loc":{"start":{"line":69,"column":2},"end":{"line":71,"column":3}},"type":"if","locations":[{"start":{"line":69,"column":2},"end":{"line":71,"column":3}},{"start":{"line":69,"column":2},"end":{"line":71,"column":3}}],"line":69},"9":{"loc":{"start":{"line":78,"column":24},"end":{"line":78,"column":40}},"type":"default-arg","locations":[{"start":{"line":78,"column":38},"end":{"line":78,"column":40}}],"line":78},"10":{"loc":{"start":{"line":83,"column":6},"end":{"line":85,"column":7}},"type":"if","locations":[{"start":{"line":83,"column":6},"end":{"line":85,"column":7}},{"start":{"line":83,"column":6},"end":{"line":85,"column":7}}],"line":83}},"s":{"0":2,"1":2,"2":6,"3":6,"4":6,"5":1179435,"6":5,"7":1179430,"8":5,"9":1,"10":22,"11":22,"12":341,"13":341,"14":325,"15":341,"16":102,"17":102,"18":102,"19":325,"20":325,"21":341,"22":239,"23":239,"24":102,"25":102,"26":102,"27":102,"28":22,"29":6,"30":16,"31":16,"32":7,"33":7,"34":943552,"35":46705440,"36":10,"37":7,"38":2},"f":{"0":6,"1":1179435,"2":22,"3":341,"4":102,"5":7,"6":943552,"7":46705440},"b":{"0":[5,1179430],"1":[1179435,5],"2":[16],"3":[16],"4":[325,16],"5":[102,0],"6":[102,102],"7":[239,102],"8":[6,16],"9":[0],"10":[10,46705430]},"_coverageSchema":"43e27e138ebf9cfc5966b082cf9a028302ed4184","hash":"9739a09240f3f0361c8ad676ee48c8810b1e9f84"}
}
