TN:
SF:/Users/foxy/code/playground/t9_api/app.js
FN:19,(anonymous_0)
FNF:1
FNH:1
FNDA:2,(anonymous_0)
DA:1,1
DA:2,1
DA:3,1
DA:9,1
DA:11,1
DA:13,1
DA:15,1
DA:16,1
DA:17,1
DA:19,1
DA:20,2
DA:21,2
DA:22,2
DA:24,2
DA:27,1
LF:15
LH:15
BRF:0
BRH:0
end_of_record
TN:
SF:/Users/foxy/code/playground/t9_api/server.js
FN:6,(anonymous_0)
FNF:1
FNH:0
FNDA:0,(anonymous_0)
DA:1,1
DA:3,1
DA:5,1
DA:6,0
DA:7,0
DA:11,1
LF:6
LH:4
BRDA:3,0,0,1
BRDA:3,0,1,1
BRDA:5,1,0,0
BRDA:5,1,1,1
BRF:4
BRH:3
end_of_record
TN:
SF:/Users/foxy/code/playground/t9_api/utils/mocks.js
FNF:0
FNH:0
DA:1,1
DA:43,1
DA:85,1
LF:3
LH:3
BRF:0
BRH:0
end_of_record
TN:
SF:/Users/foxy/code/playground/t9_api/utils/utils.js
FN:16,loadDictfromFile
FN:23,(anonymous_1)
FN:36,getSuggestions
FN:39,(anonymous_3)
FN:74,searchForWords
FN:77,(anonymous_5)
FN:78,(anonymous_6)
FNF:7
FNH:7
FNDA:6,loadDictfromFile
FNDA:1179435,(anonymous_1)
FNDA:18,getSuggestions
FNDA:144,(anonymous_3)
FNDA:5,searchForWords
FNDA:471780,(anonymous_5)
FNDA:14860830,(anonymous_6)
DA:1,2
DA:3,2
DA:17,6
DA:18,6
DA:20,6
DA:24,1179435
DA:25,5
DA:27,1179430
DA:30,5
DA:32,1
DA:37,18
DA:39,18
DA:41,144
DA:42,144
DA:43,130
DA:47,144
DA:48,104
DA:49,104
DA:52,40
DA:53,40
DA:55,40
DA:56,40
DA:57,130
DA:58,130
DA:62,40
DA:65,18
DA:66,4
DA:69,14
DA:71,14
DA:75,5
DA:77,5
DA:78,471780
DA:79,14860830
DA:80,7
DA:85,5
DA:88,2
LF:36
LH:36
BRDA:24,0,0,5
BRDA:24,0,1,1179430
BRDA:24,1,0,1179435
BRDA:24,1,1,5
BRDA:39,2,0,14
BRDA:39,3,0,14
BRDA:42,4,0,130
BRDA:42,4,1,14
BRDA:47,5,0,104
BRDA:47,5,1,40
BRDA:55,6,0,40
BRDA:55,6,1,0
BRDA:55,7,0,40
BRDA:55,7,1,40
BRDA:65,8,0,4
BRDA:65,8,1,14
BRDA:74,9,0,0
BRDA:79,10,0,7
BRDA:79,10,1,14860823
BRF:19
BRH:17
end_of_record
