TN:
SF:/Users/foxy/code/playground/t9_api/app.js
FN:19,(anonymous_0)
FNF:1
FNH:1
FNDA:4,(anonymous_0)
DA:1,1
DA:2,1
DA:3,1
DA:9,1
DA:11,1
DA:13,1
DA:15,1
DA:16,1
DA:17,1
DA:19,1
DA:20,4
DA:21,4
DA:22,4
DA:24,4
DA:27,1
LF:15
LH:15
BRF:0
BRH:0
end_of_record
TN:
SF:/Users/foxy/code/playground/t9_api/server.js
FN:6,(anonymous_0)
FNF:1
FNH:0
FNDA:0,(anonymous_0)
DA:1,1
DA:3,1
DA:5,1
DA:6,0
DA:7,0
DA:11,1
LF:6
LH:4
BRDA:3,0,0,1
BRDA:3,0,1,1
BRDA:5,1,0,0
BRDA:5,1,1,1
BRF:4
BRH:3
end_of_record
TN:
SF:/Users/foxy/code/playground/t9_api/utils/mocks.js
FNF:0
FNH:0
DA:1,1
DA:46,1
DA:163,1
LF:3
LH:3
BRF:0
BRH:0
end_of_record
TN:
SF:/Users/foxy/code/playground/t9_api/utils/utils.js
FN:16,loadDictfromFile
FN:23,(anonymous_1)
FN:36,getSuggestions
FN:39,(anonymous_3)
FN:46,(anonymous_4)
FN:78,searchForWords
FN:81,(anonymous_6)
FN:82,(anonymous_7)
FNF:8
FNH:8
FNDA:6,loadDictfromFile
FNDA:1179435,(anonymous_1)
FNDA:22,getSuggestions
FNDA:341,(anonymous_3)
FNDA:102,(anonymous_4)
FNDA:7,searchForWords
FNDA:943552,(anonymous_6)
FNDA:46705440,(anonymous_7)
DA:1,2
DA:3,2
DA:17,6
DA:18,6
DA:20,6
DA:24,1179435
DA:25,5
DA:27,1179430
DA:30,5
DA:32,1
DA:37,22
DA:39,22
DA:41,341
DA:42,341
DA:43,325
DA:46,341
DA:47,102
DA:48,102
DA:49,325
DA:50,325
DA:56,341
DA:57,239
DA:58,239
DA:61,102
DA:62,102
DA:64,102
DA:66,102
DA:69,22
DA:70,6
DA:73,16
DA:75,16
DA:79,7
DA:81,7
DA:82,943552
DA:83,46705440
DA:84,10
DA:89,7
DA:92,2
LF:38
LH:38
BRDA:24,0,0,5
BRDA:24,0,1,1179430
BRDA:24,1,0,1179435
BRDA:24,1,1,5
BRDA:39,2,0,16
BRDA:39,3,0,16
BRDA:42,4,0,325
BRDA:42,4,1,16
BRDA:47,5,0,102
BRDA:47,5,1,0
BRDA:47,6,0,102
BRDA:47,6,1,102
BRDA:56,7,0,239
BRDA:56,7,1,102
BRDA:69,8,0,6
BRDA:69,8,1,16
BRDA:78,9,0,0
BRDA:83,10,0,10
BRDA:83,10,1,46705430
BRF:19
BRH:17
end_of_record
